<?xml version="1.0" encoding="utf-8"?><testsuites name="pytest tests"><testsuite name="pytest" errors="0" failures="6" skipped="0" tests="52" time="2255.558" timestamp="2026-01-23T22:31:20.395246-06:00" hostname="mini"><testcase classname="tests.test_01_identity.TestIdentityService" name="test_csi_driver_registered" time="0.117" /><testcase classname="tests.test_01_identity.TestIdentityService" name="test_csi_driver_capabilities" time="0.001" /><testcase classname="tests.test_01_identity.TestIdentityService" name="test_controller_pods_running" time="0.061" /><testcase classname="tests.test_01_identity.TestIdentityService" name="test_node_pods_running" time="0.059" /><testcase classname="tests.test_01_identity.TestIdentityService" name="test_storage_classes_exist" time="0.741" /><testcase classname="tests.test_02_volume_lifecycle.TestVolumeLifecycle" name="test_create_volume_iscsi" time="2.495" /><testcase classname="tests.test_02_volume_lifecycle.TestVolumeLifecycle" name="test_create_volume_nvmeof" time="2.508" /><testcase classname="tests.test_02_volume_lifecycle.TestVolumeLifecycle" name="test_delete_volume" time="7.651" /><testcase classname="tests.test_02_volume_lifecycle.TestVolumeLifecycle" name="test_expand_volume" time="56.752" /><testcase classname="tests.test_02_volume_lifecycle.TestVolumeLifecycle" name="test_volume_data_persistence" time="94.465" /><testcase classname="tests.test_02_volume_lifecycle.TestVolumeLifecycle" name="test_multiple_volumes" time="5.506" /><testcase classname="tests.test_02_volume_lifecycle.TestVolumeLifecycle" name="test_volume_with_specific_size" time="2.923" /><testcase classname="tests.test_03_snapshot.TestSnapshotOperations" name="test_create_snapshot" time="4.962" /><testcase classname="tests.test_03_snapshot.TestSnapshotOperations" name="test_delete_snapshot" time="10.445" /><testcase classname="tests.test_03_snapshot.TestSnapshotOperations" name="test_snapshot_data_consistency" time="102.208" /><testcase classname="tests.test_03_snapshot.TestSnapshotOperations" name="test_multiple_snapshots" time="15.970" /><testcase classname="tests.test_03_snapshot.TestSnapshotOperations" name="test_snapshot_of_used_volume" time="51.537" /><testcase classname="tests.test_04_clone_linked.TestLinkedCloneMode" name="test_clone_from_snapshot_linked" time="9.135" /><testcase classname="tests.test_04_clone_linked.TestLinkedCloneMode" name="test_linked_clone_data_matches_snapshot" time="107.474" /><testcase classname="tests.test_04_clone_linked.TestLinkedCloneMode" name="test_linked_clone_is_writable" time="58.961" /><testcase classname="tests.test_04_clone_linked.TestLinkedCloneMode" name="test_delete_source_with_linked_clone" time="13.276" /><testcase classname="tests.test_04_clone_linked.TestLinkedCloneMode" name="test_multiple_clones_from_one_snapshot" time="14.384" /><testcase classname="tests.test_05_clone_copy.TestCopyCloneMode" name="test_clone_from_snapshot_copy" time="9.658" /><testcase classname="tests.test_05_clone_copy.TestCopyCloneMode" name="test_copy_clone_data_matches_snapshot" time="126.392"><failure message="AssertionError: assert False&#10; +  where False = &lt;function wait_pod_ready.&lt;locals&gt;._wait at 0x3c7db47e6660&gt;('pod-e2e-30d98d67-writer', timeout=120)">tests/test_05_clone_copy.py:74: in test_copy_clone_data_matches_snapshot
    assert wait_pod_ready(pod, timeout=120)
E   AssertionError: assert False
E    +  where False = &lt;function wait_pod_ready.&lt;locals&gt;._wait at 0x3c7db47e6660&gt;('pod-e2e-30d98d67-writer', timeout=120)</failure></testcase><testcase classname="tests.test_05_clone_copy.TestCopyCloneMode" name="test_copy_clone_source_immediately_deletable" time="12.865" /><testcase classname="tests.test_05_clone_copy.TestCopyCloneMode" name="test_copy_clone_size_independent" time="9.808" /><testcase classname="tests.test_06_pvc_clone.TestPvcCloning" name="test_clone_from_pvc" time="97.715" /><testcase classname="tests.test_06_pvc_clone.TestPvcCloning" name="test_pvc_clone_creates_temp_snapshot" time="4.940" /><testcase classname="tests.test_06_pvc_clone.TestPvcCloning" name="test_pvc_clone_temp_snapshot_cleanup" time="10.850" /><testcase classname="tests.test_06_pvc_clone.TestPvcCloning" name="test_pvc_clone_independence" time="146.224" /><testcase classname="tests.test_06_pvc_clone.TestPvcCloning" name="test_multiple_clones_from_same_pvc" time="10.697" /><testcase classname="tests.test_06_pvc_clone.TestPvcCloning" name="test_pvc_clone_with_copy_mode" time="4.961" /><testcase classname="tests.test_08_reclaim_policy.TestReclaimPolicy" name="test_delete_policy" time="7.820" /><testcase classname="tests.test_08_reclaim_policy.TestReclaimPolicy" name="test_retain_policy" time="8.788" /><testcase classname="tests.test_08_reclaim_policy.TestReclaimPolicy" name="test_delete_policy_with_snapshots" time="15.166" /><testcase classname="tests.test_08_reclaim_policy.TestReclaimPolicy" name="test_mixed_policies_independent" time="128.563"><failure message="tests/test_08_reclaim_policy.py:148: in test_mixed_policies_independent&#10;    k8s.delete(&quot;pv&quot;, retain_pv, wait=True)&#10;lib/k8s_client.py:153: in delete&#10;    self._kubectl(args, timeout=timeout + 10)&#10;lib/k8s_client.py:58: in _kubectl&#10;    raise subprocess.CalledProcessError(&#10;E   subprocess.CalledProcessError: Command '['kubectl', '--kubeconfig', '/home/ndenev/.kube/config', '-n', 'default', 'delete', 'pv', 'pvc-3f8694e3-4a18-4944-8847-97ad8967ec5b', '--wait=true', '--timeout', '120s', '--ignore-not-found=true']' returned non-zero exit status 1.&#10;&#10;=== Storage State at Failure ===&#10;Datasets: 2&#10;Snapshots: 2&#10;LUNs: 8">tests/test_08_reclaim_policy.py:148: in test_mixed_policies_independent
    k8s.delete("pv", retain_pv, wait=True)
lib/k8s_client.py:153: in delete
    self._kubectl(args, timeout=timeout + 10)
lib/k8s_client.py:58: in _kubectl
    raise subprocess.CalledProcessError(
E   subprocess.CalledProcessError: Command '['kubectl', '--kubeconfig', '/home/ndenev/.kube/config', '-n', 'default', 'delete', 'pv', 'pvc-3f8694e3-4a18-4944-8847-97ad8967ec5b', '--wait=true', '--timeout', '120s', '--ignore-not-found=true']' returned non-zero exit status 1.

=== Storage State at Failure ===
Datasets: 2
Snapshots: 2
LUNs: 8</failure></testcase><testcase classname="stress.test_clone_chains.TestCloneChains" name="test_deep_clone_chain" time="136.544"><failure message="stress/test_clone_chains.py:75: in test_deep_clone_chain&#10;    k8s.delete(&quot;volumesnapshot&quot;, snapshots[i], wait=True, ignore_not_found=True)&#10;lib/k8s_client.py:153: in delete&#10;    self._kubectl(args, timeout=timeout + 10)&#10;lib/k8s_client.py:58: in _kubectl&#10;    raise subprocess.CalledProcessError(&#10;E   subprocess.CalledProcessError: Command '['kubectl', '--kubeconfig', '/home/ndenev/.kube/config', '-n', 'default', 'delete', 'volumesnapshot', 'snap-e2e-cfc73388-b', '--wait=true', '--timeout', '120s', '--ignore-not-found=true']' returned non-zero exit status 1.&#10;&#10;=== Storage State at Failure ===&#10;Datasets: 6&#10;Snapshots: 5&#10;LUNs: 12">stress/test_clone_chains.py:75: in test_deep_clone_chain
    k8s.delete("volumesnapshot", snapshots[i], wait=True, ignore_not_found=True)
lib/k8s_client.py:153: in delete
    self._kubectl(args, timeout=timeout + 10)
lib/k8s_client.py:58: in _kubectl
    raise subprocess.CalledProcessError(
E   subprocess.CalledProcessError: Command '['kubectl', '--kubeconfig', '/home/ndenev/.kube/config', '-n', 'default', 'delete', 'volumesnapshot', 'snap-e2e-cfc73388-b', '--wait=true', '--timeout', '120s', '--ignore-not-found=true']' returned non-zero exit status 1.

=== Storage State at Failure ===
Datasets: 6
Snapshots: 5
LUNs: 12</failure></testcase><testcase classname="stress.test_clone_chains.TestCloneChains" name="test_delete_middle_of_chain" time="133.769"><failure message="stress/test_clone_chains.py:148: in test_delete_middle_of_chain&#10;    k8s.delete(&quot;volumesnapshot&quot;, snap_bc, wait=True)&#10;lib/k8s_client.py:153: in delete&#10;    self._kubectl(args, timeout=timeout + 10)&#10;lib/k8s_client.py:58: in _kubectl&#10;    raise subprocess.CalledProcessError(&#10;E   subprocess.CalledProcessError: Command '['kubectl', '--kubeconfig', '/home/ndenev/.kube/config', '-n', 'default', 'delete', 'volumesnapshot', 'snap-e2e-a8be7440-bc', '--wait=true', '--timeout', '120s', '--ignore-not-found=true']' returned non-zero exit status 1.&#10;&#10;=== Storage State at Failure ===&#10;Datasets: 9&#10;Snapshots: 7&#10;LUNs: 15">stress/test_clone_chains.py:148: in test_delete_middle_of_chain
    k8s.delete("volumesnapshot", snap_bc, wait=True)
lib/k8s_client.py:153: in delete
    self._kubectl(args, timeout=timeout + 10)
lib/k8s_client.py:58: in _kubectl
    raise subprocess.CalledProcessError(
E   subprocess.CalledProcessError: Command '['kubectl', '--kubeconfig', '/home/ndenev/.kube/config', '-n', 'default', 'delete', 'volumesnapshot', 'snap-e2e-a8be7440-bc', '--wait=true', '--timeout', '120s', '--ignore-not-found=true']' returned non-zero exit status 1.

=== Storage State at Failure ===
Datasets: 9
Snapshots: 7
LUNs: 15</failure></testcase><testcase classname="stress.test_clone_chains.TestCloneChains" name="test_multiple_clones_from_single_snapshot" time="19.598" /><testcase classname="stress.test_clone_chains.TestCloneChains" name="test_cross_clone_complexity" time="136.396"><failure message="stress/test_clone_chains.py:297: in test_cross_clone_complexity&#10;    k8s.delete(&quot;volumesnapshot&quot;, snap1, wait=True)&#10;lib/k8s_client.py:153: in delete&#10;    self._kubectl(args, timeout=timeout + 10)&#10;lib/k8s_client.py:58: in _kubectl&#10;    raise subprocess.CalledProcessError(&#10;E   subprocess.CalledProcessError: Command '['kubectl', '--kubeconfig', '/home/ndenev/.kube/config', '-n', 'default', 'delete', 'volumesnapshot', 'snap-e2e-ea984380-1', '--wait=true', '--timeout', '120s', '--ignore-not-found=true']' returned non-zero exit status 1.&#10;&#10;=== Storage State at Failure ===&#10;Datasets: 13&#10;Snapshots: 10&#10;LUNs: 19">stress/test_clone_chains.py:297: in test_cross_clone_complexity
    k8s.delete("volumesnapshot", snap1, wait=True)
lib/k8s_client.py:153: in delete
    self._kubectl(args, timeout=timeout + 10)
lib/k8s_client.py:58: in _kubectl
    raise subprocess.CalledProcessError(
E   subprocess.CalledProcessError: Command '['kubectl', '--kubeconfig', '/home/ndenev/.kube/config', '-n', 'default', 'delete', 'volumesnapshot', 'snap-e2e-ea984380-1', '--wait=true', '--timeout', '120s', '--ignore-not-found=true']' returned non-zero exit status 1.

=== Storage State at Failure ===
Datasets: 13
Snapshots: 10
LUNs: 19</failure></testcase><testcase classname="stress.test_concurrent_ops.TestConcurrentOperations" name="test_parallel_volume_creation" time="137.719"><failure message="stress/test_concurrent_ops.py:60: in test_parallel_volume_creation&#10;    k8s.delete(&quot;pvc&quot;, pvc_name, wait=False, ignore_not_found=True)&#10;lib/k8s_client.py:153: in delete&#10;    self._kubectl(args, timeout=timeout + 10)&#10;lib/k8s_client.py:49: in _kubectl&#10;    result = subprocess.run(&#10;/usr/local/lib/python3.11/subprocess.py:550: in run&#10;    stdout, stderr = process.communicate(input, timeout=timeout)&#10;                     ^^^^^^^^^^^^^^^^^^^^^^^^^^^^^^^^^^^^^^^^^^^&#10;/usr/local/lib/python3.11/subprocess.py:1209: in communicate&#10;    stdout, stderr = self._communicate(input, endtime, timeout)&#10;                     ^^^^^^^^^^^^^^^^^^^^^^^^^^^^^^^^^^^^^^^^^^&#10;/usr/local/lib/python3.11/subprocess.py:2116: in _communicate&#10;    self._check_timeout(endtime, orig_timeout, stdout, stderr)&#10;/usr/local/lib/python3.11/subprocess.py:1253: in _check_timeout&#10;    raise TimeoutExpired(&#10;E   subprocess.TimeoutExpired: Command '['kubectl', '--kubeconfig', '/home/ndenev/.kube/config', '-n', 'default', 'delete', 'pvc', 'parallel-e2e-22e1f250-9', '--ignore-not-found=true']' timed out after 130 seconds&#10;&#10;=== Storage State at Failure ===&#10;Datasets: 14&#10;Snapshots: 10&#10;LUNs: 20">stress/test_concurrent_ops.py:60: in test_parallel_volume_creation
    k8s.delete("pvc", pvc_name, wait=False, ignore_not_found=True)
lib/k8s_client.py:153: in delete
    self._kubectl(args, timeout=timeout + 10)
lib/k8s_client.py:49: in _kubectl
    result = subprocess.run(
/usr/local/lib/python3.11/subprocess.py:550: in run
    stdout, stderr = process.communicate(input, timeout=timeout)
                     ^^^^^^^^^^^^^^^^^^^^^^^^^^^^^^^^^^^^^^^^^^^
/usr/local/lib/python3.11/subprocess.py:1209: in communicate
    stdout, stderr = self._communicate(input, endtime, timeout)
                     ^^^^^^^^^^^^^^^^^^^^^^^^^^^^^^^^^^^^^^^^^^
/usr/local/lib/python3.11/subprocess.py:2116: in _communicate
    self._check_timeout(endtime, orig_timeout, stdout, stderr)
/usr/local/lib/python3.11/subprocess.py:1253: in _check_timeout
    raise TimeoutExpired(
E   subprocess.TimeoutExpired: Command '['kubectl', '--kubeconfig', '/home/ndenev/.kube/config', '-n', 'default', 'delete', 'pvc', 'parallel-e2e-22e1f250-9', '--ignore-not-found=true']' timed out after 130 seconds

=== Storage State at Failure ===
Datasets: 14
Snapshots: 10
LUNs: 20</failure></testcase><testcase classname="stress.test_concurrent_ops.TestConcurrentOperations" name="test_parallel_volume_deletion" time="16.410" /><testcase classname="stress.test_concurrent_ops.TestConcurrentOperations" name="test_parallel_snapshot_creation" time="17.819" /><testcase classname="stress.test_concurrent_ops.TestConcurrentOperations" name="test_parallel_clone_and_delete" time="12.315" /><testcase classname="stress.test_concurrent_ops.TestConcurrentOperations" name="test_mixed_operations_parallel" time="7.296" /><testcase classname="stress.test_rapid_lifecycle.TestRapidLifecycle" name="test_rapid_volume_churn" time="66.280" /><testcase classname="stress.test_rapid_lifecycle.TestRapidLifecycle" name="test_rapid_snapshot_churn" time="37.930" /><testcase classname="stress.test_rapid_lifecycle.TestRapidLifecycle" name="test_mount_unmount_cycle" time="255.979" /><testcase classname="stress.test_rapid_lifecycle.TestRapidLifecycle" name="test_volume_recreation_same_name" time="28.212" /><testcase classname="stress.test_rapid_lifecycle.TestRapidLifecycle" name="test_rapid_clone_lifecycle" time="32.675" /><testcase classname="stress.test_rapid_lifecycle.TestRapidLifecycle" name="test_state_consistency_under_churn" time="37.118" /><testcase classname="stress.test_rapid_lifecycle.TestRapidLifecycle" name="test_export_consistency" time="22.616" /></testsuite></testsuites>